This file contains any messages produced by compilers while
running configure, to aid debugging if configure makes a mistake.

It was created by configure, which was
generated by GNU Autoconf 2.61.  Invocation command line was

  $ ./configure --with-pic

## --------- ##
## Platform. ##
## --------- ##

hostname = DESKTOP-V9HCJEO
uname -m = x86_64
uname -r = 4.4.0-17134-Microsoft
uname -s = Linux
uname -v = #48-Microsoft Fri Apr 27 18:06:00 PST 2018

/usr/bin/uname -p = unknown
/bin/uname -X     = unknown

/bin/arch              = unknown
/usr/bin/arch -k       = unknown
/usr/convex/getsysinfo = unknown
/usr/bin/hostinfo      = unknown
/bin/machine           = unknown
/usr/bin/oslevel       = unknown
/bin/universe          = unknown

PATH: /usr/local/gcc-8.1/bin
PATH: /home/jimmymc/miniconda3/bin
PATH: /home/jimmymc/bin
PATH: /home/jimmymc/.local/bin
PATH: /home/jimmymc/miniconda3/bin
PATH: /usr/local/sbin
PATH: /usr/local/bin
PATH: /usr/sbin
PATH: /usr/bin
PATH: /sbin
PATH: /bin
PATH: /usr/games
PATH: /usr/local/games
PATH: /mnt/c/Program Files (x86)/Common Files/Oracle/Java/javapath_target_405273343
PATH: /mnt/c/Program Files/Microsoft MPI/Bin
PATH: /mnt/c/ProgramData/Oracle/Java/javapath_target_405772875
PATH: /mnt/c/Program Files (x86)/Cuminas/Document Express DjVu Plug-in
PATH: /mnt/c/Windows/System32
PATH: /mnt/c/Windows
PATH: /mnt/c/Windows/System32/wbem
PATH: /mnt/c/Windows/System32/WindowsPowerShell/v1.0
PATH: /mnt/c/Program Files (x86)/Heimdal/bin
PATH: /mnt/c/Program Files/Heimdal/bin
PATH: /mnt/c/Program Files/Secure Endpoints/NetIDMgr
PATH: /mnt/c/Program Files/PuTTY
PATH: /mnt/c/Program Files/nodejs
PATH: /mnt/c/Program Files/MATLAB/R2017b/bin
PATH: /mnt/c/Program Files/dotnet
PATH: /mnt/c/Program Files/Microsoft SQL Server/130/Tools/Binn
PATH: /mnt/c/Program Files (x86)/NVIDIA Corporation/PhysX/Common
PATH: /mnt/c/cuda/bin
PATH: /mnt/c/Windows/System32
PATH: /mnt/c/Windows
PATH: /mnt/c/Windows/System32/wbem
PATH: /mnt/c/Windows/System32/WindowsPowerShell/v1.0
PATH: /mnt/c/Windows/System32/OpenSSH
PATH: /mnt/c/Users/james/Anaconda3
PATH: /mnt/c/Users/james/Anaconda3/Library/bin
PATH: /mnt/c/Users/james/Anaconda3/Scripts
PATH: /mnt/c/Users/james/AppData/Local/Microsoft/WindowsApps
PATH: /mnt/c/Users/james/AppData/Local/atom/bin
PATH: /mnt/c/Users/james/AppData/Roaming/npm
PATH: /mnt/c/Users/james/AppData/Local/GitHubDesktop/bin
PATH: /mnt/c/Users/james/AppData/Local/Microsoft/WindowsApps
PATH: /snap/bin


## ----------- ##
## Core tests. ##
## ----------- ##

configure:1982: checking build system type
configure:2000: result: x86_64-unknown-linux-gnu
configure:2022: checking host system type
configure:2037: result: x86_64-unknown-linux-gnu
configure:2059: checking target system type
configure:2074: result: x86_64-unknown-linux-gnu
configure:2117: checking for a BSD-compatible install
configure:2173: result: /usr/bin/install -c
configure:2184: checking whether build environment is sane
configure:2227: result: yes
configure:2255: checking for a thread-safe mkdir -p
configure:2294: result: /bin/mkdir -p
configure:2307: checking for gawk
configure:2323: found /usr/bin/gawk
configure:2334: result: gawk
configure:2345: checking whether make sets $(MAKE)
configure:2366: result: yes
configure:2611: checking for gcc
configure:2627: found /usr/bin/gcc
configure:2638: result: gcc
configure:2876: checking for C compiler version
configure:2883: gcc --version >&5
gcc (Ubuntu 5.4.0-6ubuntu1~16.04.9) 5.4.0 20160609
Copyright (C) 2015 Free Software Foundation, Inc.
This is free software; see the source for copying conditions.  There is NO
warranty; not even for MERCHANTABILITY or FITNESS FOR A PARTICULAR PURPOSE.

configure:2886: $? = 0
configure:2893: gcc -v >&5
Using built-in specs.
COLLECT_GCC=gcc
COLLECT_LTO_WRAPPER=/usr/lib/gcc/x86_64-linux-gnu/5/lto-wrapper
Target: x86_64-linux-gnu
Configured with: ../src/configure -v --with-pkgversion='Ubuntu 5.4.0-6ubuntu1~16.04.9' --with-bugurl=file:///usr/share/doc/gcc-5/README.Bugs --enable-languages=c,ada,c++,java,go,d,fortran,objc,obj-c++ --prefix=/usr --program-suffix=-5 --enable-shared --enable-linker-build-id --libexecdir=/usr/lib --without-included-gettext --enable-threads=posix --libdir=/usr/lib --enable-nls --with-sysroot=/ --enable-clocale=gnu --enable-libstdcxx-debug --enable-libstdcxx-time=yes --with-default-libstdcxx-abi=new --enable-gnu-unique-object --disable-vtable-verify --enable-libmpx --enable-plugin --with-system-zlib --disable-browser-plugin --enable-java-awt=gtk --enable-gtk-cairo --with-java-home=/usr/lib/jvm/java-1.5.0-gcj-5-amd64/jre --enable-java-home --with-jvm-root-dir=/usr/lib/jvm/java-1.5.0-gcj-5-amd64 --with-jvm-jar-dir=/usr/lib/jvm-exports/java-1.5.0-gcj-5-amd64 --with-arch-directory=amd64 --with-ecj-jar=/usr/share/java/eclipse-ecj.jar --enable-objc-gc --enable-multiarch --disable-werror --with-arch-32=i686 --with-abi=m64 --with-multilib-list=m32,m64,mx32 --enable-multilib --with-tune=generic --enable-checking=release --build=x86_64-linux-gnu --host=x86_64-linux-gnu --target=x86_64-linux-gnu
Thread model: posix
gcc version 5.4.0 20160609 (Ubuntu 5.4.0-6ubuntu1~16.04.9) 
configure:2896: $? = 0
configure:2903: gcc -V >&5
gcc: error: unrecognized command line option '-V'
gcc: fatal error: no input files
compilation terminated.
configure:2906: $? = 1
configure:2929: checking for C compiler default output file name
configure:2956: gcc    conftest.c  >&5
configure:2959: $? = 0
configure:2997: result: a.out
configure:3014: checking whether the C compiler works
configure:3024: ./a.out
configure:3027: $? = 0
configure:3044: result: yes
configure:3051: checking whether we are cross compiling
configure:3053: result: no
configure:3056: checking for suffix of executables
configure:3063: gcc -o conftest    conftest.c  >&5
configure:3066: $? = 0
configure:3090: result: 
configure:3096: checking for suffix of object files
configure:3122: gcc -c   conftest.c >&5
configure:3125: $? = 0
configure:3148: result: o
configure:3152: checking whether we are using the GNU C compiler
configure:3181: gcc -c   conftest.c >&5
configure:3187: $? = 0
configure:3204: result: yes
configure:3209: checking whether gcc accepts -g
configure:3239: gcc -c -g  conftest.c >&5
configure:3245: $? = 0
configure:3344: result: yes
configure:3361: checking for gcc option to accept ISO C89
configure:3435: gcc  -c -g -O2  conftest.c >&5
configure:3441: $? = 0
configure:3464: result: none needed
configure:3493: checking for style of include used by make
configure:3521: result: GNU
configure:3546: checking dependency style of gcc
configure:3637: result: gcc3
configure:3695: checking for ranlib
configure:3711: found /usr/bin/ranlib
configure:3722: result: ranlib
configure:3822: checking for a sed that does not truncate output
configure:3878: result: /bin/sed
configure:3881: checking for grep that handles long lines and -e
configure:3955: result: /bin/grep
configure:3960: checking for egrep
configure:4038: result: /bin/grep -E
configure:4054: checking for ld used by gcc
configure:4121: result: /usr/bin/ld
configure:4130: checking if the linker (/usr/bin/ld) is GNU ld
configure:4145: result: yes
configure:4150: checking for /usr/bin/ld option to reload object files
configure:4157: result: -r
configure:4175: checking for BSD-compatible nm
configure:4224: result: /usr/bin/nm -B
configure:4228: checking whether ln -s works
configure:4232: result: yes
configure:4239: checking how to recognize dependent libraries
configure:4425: result: pass_all
configure:4514: gcc -c -g -O2  conftest.c >&5
configure:4517: $? = 0
configure:4956: checking how to run the C preprocessor
configure:4996: gcc -E  conftest.c
configure:5002: $? = 0
configure:5033: gcc -E  conftest.c
conftest.c:11:28: fatal error: ac_nonexistent.h: No such file or directory
compilation terminated.
configure:5039: $? = 1
configure: failed program was:
| /* confdefs.h.  */
| #define PACKAGE_NAME ""
| #define PACKAGE_TARNAME ""
| #define PACKAGE_VERSION ""
| #define PACKAGE_STRING ""
| #define PACKAGE_BUGREPORT ""
| #define PACKAGE "libconfig"
| #define VERSION "1.3"
| #define TARGET "x86_64-unknown-linux-gnu"
| /* end confdefs.h.  */
| #include <ac_nonexistent.h>
configure:5072: result: gcc -E
configure:5101: gcc -E  conftest.c
configure:5107: $? = 0
configure:5138: gcc -E  conftest.c
conftest.c:11:28: fatal error: ac_nonexistent.h: No such file or directory
compilation terminated.
configure:5144: $? = 1
configure: failed program was:
| /* confdefs.h.  */
| #define PACKAGE_NAME ""
| #define PACKAGE_TARNAME ""
| #define PACKAGE_VERSION ""
| #define PACKAGE_STRING ""
| #define PACKAGE_BUGREPORT ""
| #define PACKAGE "libconfig"
| #define VERSION "1.3"
| #define TARGET "x86_64-unknown-linux-gnu"
| /* end confdefs.h.  */
| #include <ac_nonexistent.h>
configure:5182: checking for ANSI C header files
configure:5212: gcc -c -g -O2  conftest.c >&5
configure:5218: $? = 0
configure:5317: gcc -o conftest -g -O2   conftest.c  >&5
configure:5320: $? = 0
configure:5326: ./conftest
configure:5329: $? = 0
configure:5346: result: yes
configure:5370: checking for sys/types.h
configure:5391: gcc -c -g -O2  conftest.c >&5
configure:5397: $? = 0
configure:5413: result: yes
configure:5370: checking for sys/stat.h
configure:5391: gcc -c -g -O2  conftest.c >&5
configure:5397: $? = 0
configure:5413: result: yes
configure:5370: checking for stdlib.h
configure:5391: gcc -c -g -O2  conftest.c >&5
configure:5397: $? = 0
configure:5413: result: yes
configure:5370: checking for string.h
configure:5391: gcc -c -g -O2  conftest.c >&5
configure:5397: $? = 0
configure:5413: result: yes
configure:5370: checking for memory.h
configure:5391: gcc -c -g -O2  conftest.c >&5
configure:5397: $? = 0
configure:5413: result: yes
configure:5370: checking for strings.h
configure:5391: gcc -c -g -O2  conftest.c >&5
configure:5397: $? = 0
configure:5413: result: yes
configure:5370: checking for inttypes.h
configure:5391: gcc -c -g -O2  conftest.c >&5
configure:5397: $? = 0
configure:5413: result: yes
configure:5370: checking for stdint.h
configure:5391: gcc -c -g -O2  conftest.c >&5
configure:5397: $? = 0
configure:5413: result: yes
configure:5370: checking for unistd.h
configure:5391: gcc -c -g -O2  conftest.c >&5
configure:5397: $? = 0
configure:5413: result: yes
configure:5440: checking dlfcn.h usability
configure:5457: gcc -c -g -O2  conftest.c >&5
configure:5463: $? = 0
configure:5477: result: yes
configure:5481: checking dlfcn.h presence
configure:5496: gcc -E  conftest.c
configure:5502: $? = 0
configure:5516: result: yes
configure:5544: checking for dlfcn.h
configure:5552: result: yes
configure:5623: checking for g++
configure:5639: found /usr/bin/g++
configure:5650: result: g++
configure:5681: checking for C++ compiler version
configure:5688: g++ --version >&5
g++ (Ubuntu 5.4.0-6ubuntu1~16.04.9) 5.4.0 20160609
Copyright (C) 2015 Free Software Foundation, Inc.
This is free software; see the source for copying conditions.  There is NO
warranty; not even for MERCHANTABILITY or FITNESS FOR A PARTICULAR PURPOSE.

configure:5691: $? = 0
configure:5698: g++ -v >&5
Using built-in specs.
COLLECT_GCC=g++
COLLECT_LTO_WRAPPER=/usr/lib/gcc/x86_64-linux-gnu/5/lto-wrapper
Target: x86_64-linux-gnu
Configured with: ../src/configure -v --with-pkgversion='Ubuntu 5.4.0-6ubuntu1~16.04.9' --with-bugurl=file:///usr/share/doc/gcc-5/README.Bugs --enable-languages=c,ada,c++,java,go,d,fortran,objc,obj-c++ --prefix=/usr --program-suffix=-5 --enable-shared --enable-linker-build-id --libexecdir=/usr/lib --without-included-gettext --enable-threads=posix --libdir=/usr/lib --enable-nls --with-sysroot=/ --enable-clocale=gnu --enable-libstdcxx-debug --enable-libstdcxx-time=yes --with-default-libstdcxx-abi=new --enable-gnu-unique-object --disable-vtable-verify --enable-libmpx --enable-plugin --with-system-zlib --disable-browser-plugin --enable-java-awt=gtk --enable-gtk-cairo --with-java-home=/usr/lib/jvm/java-1.5.0-gcj-5-amd64/jre --enable-java-home --with-jvm-root-dir=/usr/lib/jvm/java-1.5.0-gcj-5-amd64 --with-jvm-jar-dir=/usr/lib/jvm-exports/java-1.5.0-gcj-5-amd64 --with-arch-directory=amd64 --with-ecj-jar=/usr/share/java/eclipse-ecj.jar --enable-objc-gc --enable-multiarch --disable-werror --with-arch-32=i686 --with-abi=m64 --with-multilib-list=m32,m64,mx32 --enable-multilib --with-tune=generic --enable-checking=release --build=x86_64-linux-gnu --host=x86_64-linux-gnu --target=x86_64-linux-gnu
Thread model: posix
gcc version 5.4.0 20160609 (Ubuntu 5.4.0-6ubuntu1~16.04.9) 
configure:5701: $? = 0
configure:5708: g++ -V >&5
g++: error: unrecognized command line option '-V'
g++: fatal error: no input files
compilation terminated.
configure:5711: $? = 1
configure:5714: checking whether we are using the GNU C++ compiler
configure:5743: g++ -c   conftest.cpp >&5
configure:5749: $? = 0
configure:5766: result: yes
configure:5771: checking whether g++ accepts -g
configure:5801: g++ -c -g  conftest.cpp >&5
configure:5807: $? = 0
configure:5906: result: yes
configure:5931: checking dependency style of g++
configure:6022: result: gcc3
configure:6047: checking how to run the C++ preprocessor
configure:6083: g++ -E  conftest.cpp
configure:6089: $? = 0
configure:6120: g++ -E  conftest.cpp
conftest.cpp:22:28: fatal error: ac_nonexistent.h: No such file or directory
compilation terminated.
configure:6126: $? = 1
configure: failed program was:
| /* confdefs.h.  */
| #define PACKAGE_NAME ""
| #define PACKAGE_TARNAME ""
| #define PACKAGE_VERSION ""
| #define PACKAGE_STRING ""
| #define PACKAGE_BUGREPORT ""
| #define PACKAGE "libconfig"
| #define VERSION "1.3"
| #define TARGET "x86_64-unknown-linux-gnu"
| #define STDC_HEADERS 1
| #define HAVE_SYS_TYPES_H 1
| #define HAVE_SYS_STAT_H 1
| #define HAVE_STDLIB_H 1
| #define HAVE_STRING_H 1
| #define HAVE_MEMORY_H 1
| #define HAVE_STRINGS_H 1
| #define HAVE_INTTYPES_H 1
| #define HAVE_STDINT_H 1
| #define HAVE_UNISTD_H 1
| #define HAVE_DLFCN_H 1
| /* end confdefs.h.  */
| #include <ac_nonexistent.h>
configure:6159: result: g++ -E
configure:6188: g++ -E  conftest.cpp
configure:6194: $? = 0
configure:6225: g++ -E  conftest.cpp
conftest.cpp:22:28: fatal error: ac_nonexistent.h: No such file or directory
compilation terminated.
configure:6231: $? = 1
configure: failed program was:
| /* confdefs.h.  */
| #define PACKAGE_NAME ""
| #define PACKAGE_TARNAME ""
| #define PACKAGE_VERSION ""
| #define PACKAGE_STRING ""
| #define PACKAGE_BUGREPORT ""
| #define PACKAGE "libconfig"
| #define VERSION "1.3"
| #define TARGET "x86_64-unknown-linux-gnu"
| #define STDC_HEADERS 1
| #define HAVE_SYS_TYPES_H 1
| #define HAVE_SYS_STAT_H 1
| #define HAVE_STDLIB_H 1
| #define HAVE_STRING_H 1
| #define HAVE_MEMORY_H 1
| #define HAVE_STRINGS_H 1
| #define HAVE_INTTYPES_H 1
| #define HAVE_STDINT_H 1
| #define HAVE_UNISTD_H 1
| #define HAVE_DLFCN_H 1
| /* end confdefs.h.  */
| #include <ac_nonexistent.h>
configure:6324: checking for g77
configure:6354: result: no
configure:6324: checking for xlf
configure:6354: result: no
configure:6324: checking for f77
configure:6354: result: no
configure:6324: checking for frt
configure:6354: result: no
configure:6324: checking for pgf77
configure:6354: result: no
configure:6324: checking for cf77
configure:6354: result: no
configure:6324: checking for fort77
configure:6354: result: no
configure:6324: checking for fl32
configure:6354: result: no
configure:6324: checking for af77
configure:6354: result: no
configure:6324: checking for xlf90
configure:6354: result: no
configure:6324: checking for f90
configure:6354: result: no
configure:6324: checking for pgf90
configure:6354: result: no
configure:6324: checking for pghpf
configure:6354: result: no
configure:6324: checking for epcf90
configure:6354: result: no
configure:6324: checking for gfortran
configure:6354: result: no
configure:6324: checking for g95
configure:6354: result: no
configure:6324: checking for xlf95
configure:6354: result: no
configure:6324: checking for f95
configure:6354: result: no
configure:6324: checking for fort
configure:6354: result: no
configure:6324: checking for ifort
configure:6354: result: no
configure:6324: checking for ifc
configure:6354: result: no
configure:6324: checking for efc
configure:6354: result: no
configure:6324: checking for pgf95
configure:6354: result: no
configure:6324: checking for lf95
configure:6354: result: no
configure:6324: checking for ftn
configure:6354: result: no
configure:6381: checking for Fortran 77 compiler version
configure:6388:  --version >&5
./configure: line 6389: --version: command not found
configure:6391: $? = 127
configure:6398:  -v >&5
./configure: line 6399: -v: command not found
configure:6401: $? = 127
configure:6408:  -V >&5
./configure: line 6409: -V: command not found
configure:6411: $? = 127
configure:6419: checking whether we are using the GNU Fortran 77 compiler
configure:6438:  -c  conftest.F >&5
./configure: line 6439: -c: command not found
configure:6444: $? = 127
configure: failed program was:
|       program main
| #ifndef __GNUC__
|        choke me
| #endif
| 
|       end
configure:6461: result: no
configure:6467: checking whether  accepts -g
configure:6484:  -c -g conftest.f >&5
./configure: line 6485: -c: command not found
configure:6490: $? = 127
configure: failed program was:
|       program main
| 
|       end
configure:6506: result: no
configure:6536: checking the maximum length of command line arguments
configure:6648: result: 1572864
configure:6660: checking command to parse /usr/bin/nm -B output from gcc object
configure:6765: gcc -c -g -O2  conftest.c >&5
configure:6768: $? = 0
configure:6772: /usr/bin/nm -B conftest.o \| sed -n -e 's/^.*[ 	]\([ABCDGIRSTW][ABCDGIRSTW]*\)[ 	][ 	]*\([_A-Za-z][_A-Za-z0-9]*\)$/\1 \2 \2/p' \> conftest.nm
configure:6775: $? = 0
configure:6827: gcc -o conftest -g -O2   conftest.c conftstm.o >&5
configure:6830: $? = 0
configure:6868: result: ok
configure:6872: checking for objdir
configure:6887: result: .libs
configure:6979: checking for ar
configure:6995: found /usr/bin/ar
configure:7006: result: ar
configure:7075: checking for ranlib
configure:7102: result: ranlib
configure:7171: checking for strip
configure:7187: found /usr/bin/strip
configure:7198: result: strip
configure:7484: checking if gcc supports -fno-rtti -fno-exceptions
configure:7502: gcc -c -g -O2  -fno-rtti -fno-exceptions conftest.c >&5
cc1: warning: command line option '-fno-rtti' is valid for C++/ObjC++ but not for C
configure:7506: $? = 0
configure:7519: result: no
configure:7534: checking for gcc option to produce PIC
configure:7766: result: -fPIC
configure:7774: checking if gcc PIC flag -fPIC works
configure:7792: gcc -c -g -O2  -fPIC -DPIC conftest.c >&5
configure:7796: $? = 0
configure:7809: result: yes
configure:7837: checking if gcc static flag -static works
configure:7865: result: yes
configure:7875: checking if gcc supports -c -o file.o
configure:7896: gcc -c -g -O2  -o out/conftest2.o conftest.c >&5
configure:7900: $? = 0
configure:7922: result: yes
configure:7948: checking whether the gcc linker (/usr/bin/ld -m elf_x86_64) supports shared libraries
configure:8928: result: yes
configure:8949: checking whether -lc should be explicitly linked in
configure:8954: gcc -c -g -O2  conftest.c >&5
configure:8957: $? = 0
configure:8972: gcc -shared conftest.o  -v -Wl,-soname -Wl,conftest -o conftest 2\>\&1 \| grep  -lc  \>/dev/null 2\>\&1
configure:8975: $? = 0
configure:8987: result: no
configure:8995: checking dynamic linker characteristics
configure:9597: result: GNU/Linux ld.so
configure:9606: checking how to hardcode library paths into programs
configure:9631: result: immediate
configure:9645: checking whether stripping libraries is possible
configure:9650: result: yes
configure:10452: checking if libtool supports shared libraries
configure:10454: result: yes
configure:10457: checking whether to build shared libraries
configure:10478: result: yes
configure:10481: checking whether to build static libraries
configure:10485: result: yes
configure:10578: creating libtool
configure:11166: checking for ld used by g++
configure:11233: result: /usr/bin/ld -m elf_x86_64
configure:11242: checking if the linker (/usr/bin/ld -m elf_x86_64) is GNU ld
configure:11257: result: yes
configure:11308: checking whether the g++ linker (/usr/bin/ld -m elf_x86_64) supports shared libraries
configure:12282: result: yes
configure:12300: g++ -c -g -O2  conftest.cpp >&5
configure:12303: $? = 0
configure:12455: checking for g++ option to produce PIC
configure:12739: result: -fPIC
configure:12747: checking if g++ PIC flag -fPIC works
configure:12765: g++ -c -g -O2  -fPIC -DPIC conftest.cpp >&5
configure:12769: $? = 0
configure:12782: result: yes
configure:12810: checking if g++ static flag -static works
configure:12838: result: yes
configure:12848: checking if g++ supports -c -o file.o
configure:12869: g++ -c -g -O2  -o out/conftest2.o conftest.cpp >&5
configure:12873: $? = 0
configure:12895: result: yes
configure:12921: checking whether the g++ linker (/usr/bin/ld -m elf_x86_64) supports shared libraries
configure:12946: result: yes
configure:13013: checking dynamic linker characteristics
configure:13563: result: GNU/Linux ld.so
configure:13572: checking how to hardcode library paths into programs
configure:13597: result: immediate
configure:19773: checking for flex
configure:19803: result: no
configure:19773: checking for lex
configure:19803: result: no
configure:19990: checking for bison
configure:20020: result: no
configure:19990: checking for byacc
configure:20020: result: no
configure:20039: checking for compiler switch to enable full C/C++ warnings
configure:20057: result: -Wall -Wshadow -Wdeclaration-after-statement, -Wall -Wshadow
configure:20065: checking for ANSI C header files
configure:20229: result: yes
configure:20245: checking for unistd.h
configure:20251: result: yes
configure:20245: checking for stdint.h
configure:20251: result: yes
configure:20381: checking for an ANSI C-conforming const
configure:20456: gcc -c -g -O2 -Wall -Wshadow -Wdeclaration-after-statement  conftest.c >&5
conftest.c: In function 'main':
conftest.c:54:7: warning: 't' is used uninitialized in this function [-Wuninitialized]
     *t++ = 0;
       ^
conftest.c:76:13: warning: 'cs[0]' is used uninitialized in this function [-Wuninitialized]
   return !cs[0] && !zero.x;
             ^
configure:20462: $? = 0
configure:20477: result: yes
configure:20610: checking for C++ compiler version
configure:20617: g++ --version >&5
g++ (Ubuntu 5.4.0-6ubuntu1~16.04.9) 5.4.0 20160609
Copyright (C) 2015 Free Software Foundation, Inc.
This is free software; see the source for copying conditions.  There is NO
warranty; not even for MERCHANTABILITY or FITNESS FOR A PARTICULAR PURPOSE.

configure:20620: $? = 0
configure:20627: g++ -v >&5
Using built-in specs.
COLLECT_GCC=g++
COLLECT_LTO_WRAPPER=/usr/lib/gcc/x86_64-linux-gnu/5/lto-wrapper
Target: x86_64-linux-gnu
Configured with: ../src/configure -v --with-pkgversion='Ubuntu 5.4.0-6ubuntu1~16.04.9' --with-bugurl=file:///usr/share/doc/gcc-5/README.Bugs --enable-languages=c,ada,c++,java,go,d,fortran,objc,obj-c++ --prefix=/usr --program-suffix=-5 --enable-shared --enable-linker-build-id --libexecdir=/usr/lib --without-included-gettext --enable-threads=posix --libdir=/usr/lib --enable-nls --with-sysroot=/ --enable-clocale=gnu --enable-libstdcxx-debug --enable-libstdcxx-time=yes --with-default-libstdcxx-abi=new --enable-gnu-unique-object --disable-vtable-verify --enable-libmpx --enable-plugin --with-system-zlib --disable-browser-plugin --enable-java-awt=gtk --enable-gtk-cairo --with-java-home=/usr/lib/jvm/java-1.5.0-gcj-5-amd64/jre --enable-java-home --with-jvm-root-dir=/usr/lib/jvm/java-1.5.0-gcj-5-amd64 --with-jvm-jar-dir=/usr/lib/jvm-exports/java-1.5.0-gcj-5-amd64 --with-arch-directory=amd64 --with-ecj-jar=/usr/share/java/eclipse-ecj.jar --enable-objc-gc --enable-multiarch --disable-werror --with-arch-32=i686 --with-abi=m64 --with-multilib-list=m32,m64,mx32 --enable-multilib --with-tune=generic --enable-checking=release --build=x86_64-linux-gnu --host=x86_64-linux-gnu --target=x86_64-linux-gnu
Thread model: posix
gcc version 5.4.0 20160609 (Ubuntu 5.4.0-6ubuntu1~16.04.9) 
configure:20630: $? = 0
configure:20637: g++ -V >&5
g++: error: unrecognized command line option '-V'
g++: fatal error: no input files
compilation terminated.
configure:20640: $? = 1
configure:20643: checking whether we are using the GNU C++ compiler
configure:20695: result: yes
configure:20700: checking whether g++ accepts -g
configure:20835: result: yes
configure:20860: checking dependency style of g++
configure:20951: result: gcc3
configure:21141: creating ./config.status

## ---------------------- ##
## Running config.status. ##
## ---------------------- ##

This file was extended by config.status, which was
generated by GNU Autoconf 2.61.  Invocation command line was

  CONFIG_FILES    = 
  CONFIG_HEADERS  = 
  CONFIG_LINKS    = 
  CONFIG_COMMANDS = 
  $ ./config.status 

on DESKTOP-V9HCJEO

config.status:685: creating Makefile
config.status:685: creating doc/Makefile
config.status:685: creating samples/Makefile
config.status:685: creating samples/c/Makefile
config.status:685: creating samples/c++/Makefile
config.status:685: creating libconfig.pc
config.status:685: creating libconfig++.pc
config.status:685: creating libconfig.spec
config.status:685: creating ac_config.h
config.status:962: executing depfiles commands

## ---------------- ##
## Cache variables. ##
## ---------------- ##

ac_cv_build=x86_64-unknown-linux-gnu
ac_cv_c_compiler_gnu=yes
ac_cv_c_const=yes
ac_cv_cxx_compiler_gnu=yes
ac_cv_env_CCC_set=
ac_cv_env_CCC_value=
ac_cv_env_CC_set=
ac_cv_env_CC_value=
ac_cv_env_CFLAGS_set=
ac_cv_env_CFLAGS_value=
ac_cv_env_CPPFLAGS_set=
ac_cv_env_CPPFLAGS_value=
ac_cv_env_CPP_set=
ac_cv_env_CPP_value=
ac_cv_env_CXXCPP_set=
ac_cv_env_CXXCPP_value=
ac_cv_env_CXXFLAGS_set=
ac_cv_env_CXXFLAGS_value=
ac_cv_env_CXX_set=
ac_cv_env_CXX_value=
ac_cv_env_F77_set=
ac_cv_env_F77_value=
ac_cv_env_FFLAGS_set=
ac_cv_env_FFLAGS_value=
ac_cv_env_LDFLAGS_set=
ac_cv_env_LDFLAGS_value=
ac_cv_env_LIBS_set=
ac_cv_env_LIBS_value=
ac_cv_env_YACC_set=
ac_cv_env_YACC_value=
ac_cv_env_YFLAGS_set=
ac_cv_env_YFLAGS_value=
ac_cv_env_build_alias_set=
ac_cv_env_build_alias_value=
ac_cv_env_host_alias_set=
ac_cv_env_host_alias_value=
ac_cv_env_target_alias_set=
ac_cv_env_target_alias_value=
ac_cv_f77_compiler_gnu=no
ac_cv_header_dlfcn_h=yes
ac_cv_header_inttypes_h=yes
ac_cv_header_memory_h=yes
ac_cv_header_stdc=yes
ac_cv_header_stdint_h=yes
ac_cv_header_stdlib_h=yes
ac_cv_header_string_h=yes
ac_cv_header_strings_h=yes
ac_cv_header_sys_stat_h=yes
ac_cv_header_sys_types_h=yes
ac_cv_header_unistd_h=yes
ac_cv_host=x86_64-unknown-linux-gnu
ac_cv_objext=o
ac_cv_path_EGREP='/bin/grep -E'
ac_cv_path_GREP=/bin/grep
ac_cv_path_install='/usr/bin/install -c'
ac_cv_path_mkdir=/bin/mkdir
ac_cv_prog_AWK=gawk
ac_cv_prog_CPP='gcc -E'
ac_cv_prog_CXXCPP='g++ -E'
ac_cv_prog_ac_ct_AR=ar
ac_cv_prog_ac_ct_CC=gcc
ac_cv_prog_ac_ct_CXX=g++
ac_cv_prog_ac_ct_RANLIB=ranlib
ac_cv_prog_ac_ct_STRIP=strip
ac_cv_prog_cc_c89=
ac_cv_prog_cc_g=yes
ac_cv_prog_cxx_g=yes
ac_cv_prog_f77_g=no
ac_cv_prog_make_make_set=yes
ac_cv_target=x86_64-unknown-linux-gnu
am_cv_CC_dependencies_compiler_type=gcc3
am_cv_CXX_dependencies_compiler_type=gcc3
lt_cv_deplibs_check_method=pass_all
lt_cv_file_magic_cmd='$MAGIC_CMD'
lt_cv_file_magic_test_file=
lt_cv_ld_reload_flag=-r
lt_cv_objdir=.libs
lt_cv_path_LD=/usr/bin/ld
lt_cv_path_LDCXX='/usr/bin/ld -m elf_x86_64'
lt_cv_path_NM='/usr/bin/nm -B'
lt_cv_path_SED=/bin/sed
lt_cv_prog_compiler_c_o=yes
lt_cv_prog_compiler_c_o_CXX=yes
lt_cv_prog_compiler_rtti_exceptions=no
lt_cv_prog_gnu_ld=yes
lt_cv_prog_gnu_ldcxx=yes
lt_cv_sys_global_symbol_pipe='sed -n -e '\''s/^.*[ 	]\([ABCDGIRSTW][ABCDGIRSTW]*\)[ 	][ 	]*\([_A-Za-z][_A-Za-z0-9]*\)$/\1 \2 \2/p'\'''
lt_cv_sys_global_symbol_to_c_name_address='sed -n -e '\''s/^: \([^ ]*\) $/  {\"\1\", (lt_ptr) 0},/p'\'' -e '\''s/^[BCDEGRST] \([^ ]*\) \([^ ]*\)$/  {"\2", (lt_ptr) \&\2},/p'\'''
lt_cv_sys_global_symbol_to_cdecl='sed -n -e '\''s/^. .* \(.*\)$/extern int \1;/p'\'''
lt_cv_sys_max_cmd_len=1572864
lt_lt_cv_prog_compiler_c_o='"yes"'
lt_lt_cv_prog_compiler_c_o_CXX='"yes"'
lt_lt_cv_sys_global_symbol_pipe='"sed -n -e '\''s/^.*[ 	]\\([ABCDGIRSTW][ABCDGIRSTW]*\\)[ 	][ 	]*\\([_A-Za-z][_A-Za-z0-9]*\\)\$/\\1 \\2 \\2/p'\''"'
lt_lt_cv_sys_global_symbol_to_c_name_address='"sed -n -e '\''s/^: \\([^ ]*\\) \$/  {\\\"\\1\\\", (lt_ptr) 0},/p'\'' -e '\''s/^[BCDEGRST] \\([^ ]*\\) \\([^ ]*\\)\$/  {\"\\2\", (lt_ptr) \\&\\2},/p'\''"'
lt_lt_cv_sys_global_symbol_to_cdecl='"sed -n -e '\''s/^. .* \\(.*\\)\$/extern int \\1;/p'\''"'

## ----------------- ##
## Output variables. ##
## ----------------- ##

ACLOCAL='${SHELL} /home/jimmymc/FastFiz-0.2/libconfig-1.3/missing --run aclocal-1.10'
AMDEPBACKSLASH='\'
AMDEP_FALSE='#'
AMDEP_TRUE=''
AMTAR='${SHELL} /home/jimmymc/FastFiz-0.2/libconfig-1.3/missing --run tar'
AR='ar'
AS='as'
AUTOCONF='${SHELL} /home/jimmymc/FastFiz-0.2/libconfig-1.3/missing --run autoconf'
AUTOHEADER='${SHELL} /home/jimmymc/FastFiz-0.2/libconfig-1.3/missing --run autoheader'
AUTOMAKE='${SHELL} /home/jimmymc/FastFiz-0.2/libconfig-1.3/missing --run automake-1.10'
AWK='gawk'
BUILDCXX_FALSE='#'
BUILDCXX_TRUE=''
CC='gcc'
CCDEPMODE='depmode=gcc3'
CFLAGS='-g -O2 -Wall -Wshadow -Wdeclaration-after-statement'
CPP='gcc -E'
CPPFLAGS=''
CXX='g++'
CXXCPP='g++ -E'
CXXDEPMODE='depmode=gcc3'
CXXFLAGS='-g -O2 -Wall -Wshadow'
CYGPATH_W='echo'
DEFS='-DHAVE_CONFIG_H'
DEPDIR='.deps'
DLLTOOL='dlltool'
ECHO='echo'
ECHO_C=''
ECHO_N='-n'
ECHO_T=''
EGREP='/bin/grep -E'
EXEEXT=''
F77=''
FFLAGS=''
GNU_WIN_FALSE=''
GNU_WIN_TRUE='#'
GREP='/bin/grep'
INSTALL_DATA='${INSTALL} -m 644'
INSTALL_PROGRAM='${INSTALL}'
INSTALL_SCRIPT='${INSTALL}'
INSTALL_STRIP_PROGRAM='$(install_sh) -c -s'
LDFLAGS=''
LEX='${SHELL} /home/jimmymc/FastFiz-0.2/libconfig-1.3/missing --run flex'
LEXLIB=''
LEX_OUTPUT_ROOT=''
LIBOBJS=''
LIBS=''
LIBTOOL='$(SHELL) $(top_builddir)/libtool'
LN_S='ln -s'
LTLIBOBJS=''
MAKEINFO='${SHELL} /home/jimmymc/FastFiz-0.2/libconfig-1.3/missing --run makeinfo'
OBJDUMP='objdump'
OBJEXT='o'
PACKAGE='libconfig'
PACKAGE_BUGREPORT=''
PACKAGE_NAME=''
PACKAGE_STRING=''
PACKAGE_TARNAME=''
PACKAGE_VERSION=''
PATH_SEPARATOR=':'
RANLIB='ranlib'
SED='/bin/sed'
SET_MAKE=''
SHELL='/bin/bash'
STRIP='strip'
VERSION='1.3'
YACC='yacc'
YFLAGS=''
ac_ct_CC='gcc'
ac_ct_CXX='g++'
ac_ct_F77=''
am__fastdepCC_FALSE='#'
am__fastdepCC_TRUE=''
am__fastdepCXX_FALSE='#'
am__fastdepCXX_TRUE=''
am__include='include'
am__isrc=''
am__leading_dot='.'
am__quote=''
am__tar='${AMTAR} chof - "$$tardir"'
am__untar='${AMTAR} xf -'
bindir='${exec_prefix}/bin'
build='x86_64-unknown-linux-gnu'
build_alias=''
build_cpu='x86_64'
build_os='linux-gnu'
build_vendor='unknown'
datadir='${datarootdir}'
datarootdir='${prefix}/share'
docdir='${datarootdir}/doc/${PACKAGE}'
dvidir='${docdir}'
exec_prefix='${prefix}'
host='x86_64-unknown-linux-gnu'
host_alias=''
host_cpu='x86_64'
host_os='linux-gnu'
host_vendor='unknown'
htmldir='${docdir}'
includedir='${prefix}/include'
infodir='${datarootdir}/info'
install_sh='$(SHELL) /home/jimmymc/FastFiz-0.2/libconfig-1.3/install-sh'
libdir='${exec_prefix}/lib'
libexecdir='${exec_prefix}/libexec'
localedir='${datarootdir}/locale'
localstatedir='${prefix}/var'
mandir='${datarootdir}/man'
mkdir_p='/bin/mkdir -p'
oldincludedir='/usr/include'
pdfdir='${docdir}'
prefix='/usr/local'
program_transform_name='s,x,x,'
psdir='${docdir}'
sbindir='${exec_prefix}/sbin'
sharedstatedir='${prefix}/com'
sysconfdir='${prefix}/etc'
target='x86_64-unknown-linux-gnu'
target_alias=''
target_cpu='x86_64'
target_os='linux-gnu'
target_vendor='unknown'

## ----------- ##
## confdefs.h. ##
## ----------- ##

#define PACKAGE_NAME ""
#define PACKAGE_TARNAME ""
#define PACKAGE_VERSION ""
#define PACKAGE_STRING ""
#define PACKAGE_BUGREPORT ""
#define PACKAGE "libconfig"
#define VERSION "1.3"
#define TARGET "x86_64-unknown-linux-gnu"
#define STDC_HEADERS 1
#define HAVE_SYS_TYPES_H 1
#define HAVE_SYS_STAT_H 1
#define HAVE_STDLIB_H 1
#define HAVE_STRING_H 1
#define HAVE_MEMORY_H 1
#define HAVE_STRINGS_H 1
#define HAVE_INTTYPES_H 1
#define HAVE_STDINT_H 1
#define HAVE_UNISTD_H 1
#define HAVE_DLFCN_H 1
#define STDC_HEADERS 1
#define HAVE_UNISTD_H 1
#define HAVE_STDINT_H 1

configure: exit 0
